16/10/08 14:48:42 INFO MyLog: 
SparkSubmit: Array(--master, spark://ip-172-31-24-220.ap-northeast-1.compute.internal:7077, --class, org.apache.spark.examples.SparkPageRank, examples/target/spark-examples_2.10-1.6.2-SNAPSHOT.jar, /root/data/pagerank-small.txt)

16/10/08 14:48:43 INFO MyLog: 
PrepareSubmitEnvironment: Parsed arguments:
  master                  spark://ip-172-31-24-220.ap-northeast-1.compute.internal:7077
  deployMode              null
  executorMemory          1g
  executorCores           null
  totalExecutorCores      null
  propertiesFile          /root/spark/conf/spark-defaults.conf
  driverMemory            null
  driverCores             null
  driverExtraClassPath    null
  driverExtraLibraryPath  null
  driverExtraJavaOptions  -Dlog4j.configuration=file:/root/spark/conf/log4j-rolling.properties
  supervise               false
  queue                   null
  numExecutors            null
  files                   null
  pyFiles                 null
  archives                null
  mainClass               org.apache.spark.examples.SparkPageRank
  primaryResource         file:/root/spark/examples/target/spark-examples_2.10-1.6.2-SNAPSHOT.jar
  name                    org.apache.spark.examples.SparkPageRank
  childArgs               [/root/data/pagerank-small.txt]
  jars                    null
  packages                null
  packagesExclusions      null
  repositories            null
  verbose                 false

Spark properties used, including those specified through
 --conf and those from the properties file /root/spark/conf/spark-defaults.conf:
  spark.executor.memory -> 1g
  spark.eventLog.enabled -> true
  spark.executor.extraJavaOptions -> -Dlog4j.configuration=file:/root/spark/conf/log4j-executor.properties
  spark.driver.extraJavaOptions -> -Dlog4j.configuration=file:/root/spark/conf/log4j-rolling.properties
  spark.eventLog.dir -> /root/eventlog
  spark.tachyonStore.url -> tachyon://ip-172-31-24-220.ap-northeast-1.compute.internal:19998

    

16/10/08 14:48:43 INFO MyLog: 
Arguments:
/root/data/pagerank-small.txt

16/10/08 14:48:43 INFO MyLog: 
Main class:
org.apache.spark.examples.SparkPageRank

16/10/08 14:48:43 INFO MyLog: 
Arguments:
/root/data/pagerank-small.txt

16/10/08 14:48:43 INFO MyLog: 
System properties:
spark.submit.runMode -> full
spark.executor.memory -> 1g
spark.eventLog.enabled -> true
spark.submit.samplingRate -> 1.0
SPARK_SUBMIT -> true
spark.executor.extraJavaOptions -> -Dlog4j.configuration=file:/root/spark/conf/log4j-executor.properties
spark.app.name -> org.apache.spark.examples.SparkPageRank
spark.submit.storageLevel -> MEMORY_ONLY
spark.driver.extraJavaOptions -> -Dlog4j.configuration=file:/root/spark/conf/log4j-rolling.properties
spark.jars -> file:/root/spark/examples/target/spark-examples_2.10-1.6.2-SNAPSHOT.jar
spark.submit.deployMode -> client
spark.eventLog.dir -> /root/eventlog
spark.master -> spark://ip-172-31-24-220.ap-northeast-1.compute.internal:7077
spark.tachyonStore.url -> tachyon://ip-172-31-24-220.ap-northeast-1.compute.internal:19998

16/10/08 14:48:43 INFO MyLog: 
Classpath elements:
file:/root/spark/examples/target/spark-examples_2.10-1.6.2-SNAPSHOT.jar

16/10/08 14:48:43 INFO MyLog: 
SparkPAgERank args

16/10/08 14:48:43 INFO MyLog: 
/root/data/pagerank-small.txt

16/10/08 14:48:43 INFO SparkContext: Running Spark version 1.6.1
16/10/08 14:48:43 WARN NativeCodeLoader: Unable to load native-hadoop library for your platform... using builtin-java classes where applicable
16/10/08 14:48:43 INFO MyLog: 
Spark Context setTrainingArguments

16/10/08 14:48:43 INFO MyLog: 
Run Mode = full

16/10/08 14:48:43 INFO MyLog: 
Sampling Rate = 1.0

16/10/08 14:48:44 INFO SecurityManager: Changing view acls to: root
16/10/08 14:48:44 INFO SecurityManager: Changing modify acls to: root
16/10/08 14:48:44 INFO SecurityManager: SecurityManager: authentication disabled; ui acls disabled; users with view permissions: Set(root); users with modify permissions: Set(root)
16/10/08 14:48:44 INFO Utils: Successfully started service 'sparkDriver' on port 60562.
16/10/08 14:48:45 INFO Slf4jLogger: Slf4jLogger started
16/10/08 14:48:45 INFO Remoting: Starting remoting
16/10/08 14:48:45 INFO Remoting: Remoting started; listening on addresses :[akka.tcp://sparkDriverActorSystem@172.31.24.220:58286]
16/10/08 14:48:45 INFO Utils: Successfully started service 'sparkDriverActorSystem' on port 58286.
16/10/08 14:48:45 INFO SparkEnv: Registering MapOutputTracker
16/10/08 14:48:45 INFO SparkEnv: Registering BlockManagerMaster
16/10/08 14:48:45 INFO DiskBlockManager: Created local directory at /tmp/blockmgr-7cde9c2f-d1fe-4309-8702-588b7f744a59
16/10/08 14:48:46 INFO MemoryStore: MemoryStore started with capacity 511.5 MB
16/10/08 14:48:46 INFO SparkEnv: Registering OutputCommitCoordinator
16/10/08 14:48:46 INFO Utils: Successfully started service 'SparkUI' on port 4040.
16/10/08 14:48:46 INFO SparkUI: Started SparkUI at http://172.31.24.220:4040
16/10/08 14:48:46 INFO HttpFileServer: HTTP File server directory is /tmp/spark-8033dcf6-f81d-43a7-bd79-750e22b6cef1/httpd-ec37a155-0d50-425d-b602-40d02d122815
16/10/08 14:48:46 INFO HttpServer: Starting HTTP Server
16/10/08 14:48:46 INFO Utils: Successfully started service 'HTTP file server' on port 44513.
16/10/08 14:48:46 INFO SparkContext: Added JAR file:/root/spark/examples/target/spark-examples_2.10-1.6.2-SNAPSHOT.jar at http://172.31.24.220:44513/jars/spark-examples_2.10-1.6.2-SNAPSHOT.jar with timestamp 1475938126689
16/10/08 14:48:46 INFO AppClient$ClientEndpoint: Connecting to master spark://ip-172-31-24-220.ap-northeast-1.compute.internal:7077...
16/10/08 14:48:47 INFO SparkDeploySchedulerBackend: Connected to Spark cluster with app ID app-20161008144847-0000
16/10/08 14:48:47 INFO Utils: Successfully started service 'org.apache.spark.network.netty.NettyBlockTransferService' on port 50663.
16/10/08 14:48:47 INFO NettyBlockTransferService: Server created on 50663
16/10/08 14:48:47 INFO BlockManagerMaster: Trying to register BlockManager
16/10/08 14:48:47 INFO BlockManagerMasterEndpoint: Registering block manager 172.31.24.220:50663 with 511.5 MB RAM, BlockManagerId(driver, 172.31.24.220, 50663)
16/10/08 14:48:47 INFO BlockManagerMaster: Registered BlockManager
16/10/08 14:48:47 INFO AppClient$ClientEndpoint: Executor added: app-20161008144847-0000/0 on worker-20161008144601-172.31.20.198-54977 (172.31.20.198:54977) with 2 cores
16/10/08 14:48:47 INFO SparkDeploySchedulerBackend: Granted executor ID app-20161008144847-0000/0 on hostPort 172.31.20.198:54977 with 2 cores, 1024.0 MB RAM
16/10/08 14:48:47 INFO AppClient$ClientEndpoint: Executor added: app-20161008144847-0000/1 on worker-20161008144601-172.31.20.199-35425 (172.31.20.199:35425) with 2 cores
16/10/08 14:48:47 INFO SparkDeploySchedulerBackend: Granted executor ID app-20161008144847-0000/1 on hostPort 172.31.20.199:35425 with 2 cores, 1024.0 MB RAM
16/10/08 14:48:47 INFO AppClient$ClientEndpoint: Executor updated: app-20161008144847-0000/0 is now RUNNING
16/10/08 14:48:47 INFO AppClient$ClientEndpoint: Executor updated: app-20161008144847-0000/1 is now RUNNING
16/10/08 14:48:48 INFO EventLoggingListener: Logging events to file:/root/eventlog/app-20161008144847-0000
16/10/08 14:48:48 INFO SparkDeploySchedulerBackend: SchedulerBackend is ready for scheduling beginning after reached minRegisteredResourcesRatio: 0.0
16/10/08 14:48:48 INFO MyLog: 
MemoryStore.putIterator: broadcast_0 StorageLevel(true, true, false, true, 1)

16/10/08 14:48:48 INFO MyLog: 
MemoryStore.putArray: broadcast_0 StorageLevel(true, true, false, true, 1)

16/10/08 14:48:48 INFO MemoryStore: Block broadcast_0 stored as values in memory (estimated size 144.5 KB, memory used 144.5 KB)
16/10/08 14:48:48 INFO MyLog: 
Current Block Status: 
 Block Id: broadcast_0
 Storage Level: StorageLevel(false, true, false, true, 1)
 Memory Size: 147968
 Disk Size: 0
 serializeTime: 0
 deserializeTime: 0

16/10/08 14:48:48 INFO MyLog: 
MemoryStore.putBytes: broadcast_0_piece0 StorageLevel(true, true, false, false, 1)

16/10/08 14:48:48 INFO MemoryStore: Block broadcast_0_piece0 stored as bytes in memory (estimated size 13.8 KB, memory used 158.3 KB)
16/10/08 14:48:48 INFO MyLog: 
Current Block Status: 
 Block Id: broadcast_0_piece0
 Storage Level: StorageLevel(false, true, false, false, 1)
 Memory Size: 14119
 Disk Size: 0
 serializeTime: 0
 deserializeTime: 0

16/10/08 14:48:48 INFO BlockManagerInfo: Added broadcast_0_piece0 in memory on 172.31.24.220:50663 (size: 13.8 KB, free: 511.5 MB)
16/10/08 14:48:48 INFO SparkContext: Created broadcast 0 from textFile at SparkPageRank.scala:61
16/10/08 14:48:48 INFO MyLog: 
MemoryStore.getValues: broadcast_0

16/10/08 14:48:49 INFO FileInputFormat: Total input paths to process : 1
16/10/08 14:48:49 INFO SparkContext: Starting job: collect at SparkPageRank.scala:76
16/10/08 14:48:49 INFO DAGScheduler: Registering RDD 3 (distinct at SparkPageRank.scala:65)
16/10/08 14:48:49 INFO DAGScheduler: Registering RDD 5 (distinct at SparkPageRank.scala:65)
16/10/08 14:48:49 INFO DAGScheduler: Registering RDD 12 (flatMap at SparkPageRank.scala:69)
16/10/08 14:48:49 INFO DAGScheduler: Registering RDD 19 (flatMap at SparkPageRank.scala:69)
16/10/08 14:48:49 INFO DAGScheduler: Got job 0 (collect at SparkPageRank.scala:76) with 3 output partitions
16/10/08 14:48:49 INFO DAGScheduler: Final stage: ResultStage 4 (collect at SparkPageRank.scala:76)
16/10/08 14:48:49 INFO DAGScheduler: Parents of final stage: List(ShuffleMapStage 3)
16/10/08 14:48:49 INFO DAGScheduler: Missing parents: List(ShuffleMapStage 3)
16/10/08 14:48:49 INFO DAGScheduler: Submitting ShuffleMapStage 0 (MapPartitionsRDD[3] at distinct at SparkPageRank.scala:65), which has no missing parents
16/10/08 14:48:49 WARN DAGScheduler: submitMissingTasks(ShuffleMapStage 0)
16/10/08 14:48:49 INFO MyLog: ==============Graph===============
Job 0 started

16/10/08 14:48:49 INFO MyLog: ==============Graph===============
Stage Id: 0

16/10/08 14:48:49 INFO MyLog: 
Stage ID: 0

16/10/08 14:48:49 INFO MyLog: 
Task Locations: Map(0 -> List(), 1 -> List(), 2 -> List())

16/10/08 14:48:49 INFO MyLog: ==============Graph===============
Graph for this Stage: stageId: 0 Num of Edges: 3 Num of clusters: 4

16/10/08 14:48:49 INFO MyLog: ==============Graph===============
Stage Id: 1

16/10/08 14:48:49 INFO MyLog: ==============Graph===============
Graph for this Stage: stageId: 1 Num of Edges: 1 Num of clusters: 2

16/10/08 14:48:49 INFO MyLog: ==============Graph===============
Stage Id: 2

16/10/08 14:48:49 INFO MyLog: ==============Graph===============
Graph for this Stage: stageId: 2 Num of Edges: 7 Num of clusters: 7

16/10/08 14:48:49 INFO MyLog: ==============Graph===============
Stage Id: 3

16/10/08 14:48:49 INFO MyLog: ==============Graph===============
Graph for this Stage: stageId: 3 Num of Edges: 7 Num of clusters: 8

16/10/08 14:48:49 INFO MyLog: ==============Graph===============
Stage Id: 4

16/10/08 14:48:49 INFO MyLog: ==============Graph===============
Graph for this Stage: stageId: 4 Num of Edges: 1 Num of clusters: 2

16/10/08 14:48:49 INFO MyLog: 
MemoryStore.putIterator: broadcast_1 StorageLevel(true, true, false, true, 1)

16/10/08 14:48:49 INFO MyLog: 
MemoryStore.putArray: broadcast_1 StorageLevel(true, true, false, true, 1)

16/10/08 14:48:49 INFO MemoryStore: Block broadcast_1 stored as values in memory (estimated size 4.1 KB, memory used 162.4 KB)
16/10/08 14:48:49 INFO MyLog: 
Current Block Status: 
 Block Id: broadcast_1
 Storage Level: StorageLevel(false, true, false, true, 1)
 Memory Size: 4248
 Disk Size: 0
 serializeTime: 0
 deserializeTime: 0

16/10/08 14:48:49 INFO MyLog: 
MemoryStore.putBytes: broadcast_1_piece0 StorageLevel(true, true, false, false, 1)

16/10/08 14:48:49 INFO MemoryStore: Block broadcast_1_piece0 stored as bytes in memory (estimated size 2.3 KB, memory used 164.8 KB)
16/10/08 14:48:49 INFO MyLog: 
Current Block Status: 
 Block Id: broadcast_1_piece0
 Storage Level: StorageLevel(false, true, false, false, 1)
 Memory Size: 2373
 Disk Size: 0
 serializeTime: 0
 deserializeTime: 0

16/10/08 14:48:49 INFO BlockManagerInfo: Added broadcast_1_piece0 in memory on 172.31.24.220:50663 (size: 2.3 KB, free: 511.5 MB)
16/10/08 14:48:49 INFO SparkContext: Created broadcast 1 from broadcast at DAGScheduler.scala:1025
16/10/08 14:48:49 INFO DAGScheduler: Submitting 3 missing tasks from ShuffleMapStage 0 (MapPartitionsRDD[3] at distinct at SparkPageRank.scala:65)
16/10/08 14:48:49 INFO TaskSchedulerImpl: Adding task set 0.0 with 3 tasks
16/10/08 14:48:52 INFO SparkDeploySchedulerBackend: Registered executor NettyRpcEndpointRef(null) (172.31.20.199:43734) with ID 1
16/10/08 14:48:52 INFO TaskSetManager: Starting task 0.0 in stage 0.0 (TID 0, 172.31.20.199, partition 0,PROCESS_LOCAL, 2246 bytes)
16/10/08 14:48:52 INFO TaskSetManager: Starting task 1.0 in stage 0.0 (TID 1, 172.31.20.199, partition 1,PROCESS_LOCAL, 2246 bytes)
16/10/08 14:48:52 INFO BlockManagerMasterEndpoint: Registering block manager 172.31.20.199:35169 with 511.5 MB RAM, BlockManagerId(1, 172.31.20.199, 35169)
16/10/08 14:48:52 INFO SparkDeploySchedulerBackend: Registered executor NettyRpcEndpointRef(null) (172.31.20.198:47550) with ID 0
16/10/08 14:48:52 INFO TaskSetManager: Starting task 2.0 in stage 0.0 (TID 2, 172.31.20.198, partition 2,PROCESS_LOCAL, 2246 bytes)
16/10/08 14:48:52 INFO BlockManagerMasterEndpoint: Registering block manager 172.31.20.198:40917 with 511.5 MB RAM, BlockManagerId(0, 172.31.20.198, 40917)
16/10/08 14:48:53 INFO MyLog: 
MemoryStore.getBtyes: broadcast_1_piece0

16/10/08 14:48:53 INFO MyLog: 
MemoryStore.getBtyes: broadcast_1_piece0

16/10/08 14:48:53 INFO BlockManagerInfo: Added broadcast_1_piece0 in memory on 172.31.20.199:35169 (size: 2.3 KB, free: 511.5 MB)
16/10/08 14:48:53 INFO BlockManagerInfo: Added broadcast_1_piece0 in memory on 172.31.20.198:40917 (size: 2.3 KB, free: 511.5 MB)
16/10/08 14:48:53 INFO MyLog: 
MemoryStore.getBtyes: broadcast_0_piece0

16/10/08 14:48:53 INFO BlockManagerInfo: Added broadcast_0_piece0 in memory on 172.31.20.199:35169 (size: 13.8 KB, free: 511.5 MB)
16/10/08 14:48:53 INFO MyLog: 
MemoryStore.getBtyes: broadcast_0_piece0

16/10/08 14:48:53 INFO BlockManagerInfo: Added broadcast_0_piece0 in memory on 172.31.20.198:40917 (size: 13.8 KB, free: 511.5 MB)
16/10/08 14:49:01 INFO TaskSetManager: Finished task 2.0 in stage 0.0 (TID 2) in 9141 ms on 172.31.20.198 (1/3)
16/10/08 14:49:01 WARN JobProgressListener: Task ID: 2 
DiskBytesSpilled: 0
MemoryBytesSpilled: 0
ExecutorRunTime: 7762

16/10/08 14:49:01 INFO MyLog: 
TaskEnd Block Status: Map()

16/10/08 14:49:01 INFO MyLog: 
=====Task id: 2 Executor id: 0=====

16/10/08 14:49:01 INFO MyLog: 
1 2(307 519)

16/10/08 14:49:01 INFO MyLog: 
2 2(310 522)

16/10/08 14:49:01 INFO MyLog: 
3 2(312 524)

16/10/08 14:49:01 INFO MyLog: 
Input Bytes Read: 8271062 Input Records Read: 555037

16/10/08 14:49:54 WARN JobProgressListener: Task ID: 1 
DiskBytesSpilled: 26437632
MemoryBytesSpilled: 273297265
ExecutorRunTime: 60929

16/10/08 14:49:54 INFO MyLog: 
TaskEnd Block Status: Map()

16/10/08 14:49:54 INFO MyLog: 
=====Task id: 1 Executor id: 1=====

16/10/08 14:49:54 INFO MyLog: 
1 1(295 570)

16/10/08 14:49:54 INFO MyLog: 
2 1(295 571)

16/10/08 14:49:54 INFO MyLog: 
3 1(297 574)

16/10/08 14:49:54 INFO MyLog: 
Input Bytes Read: 33554432 Input Records Read: 2253331

16/10/08 14:49:54 INFO TaskSetManager: Finished task 1.0 in stage 0.0 (TID 1) in 62303 ms on 172.31.20.199 (2/3)
16/10/08 14:49:55 INFO TaskSetManager: Finished task 0.0 in stage 0.0 (TID 0) in 62794 ms on 172.31.20.199 (3/3)
16/10/08 14:49:55 INFO TaskSchedulerImpl: Removed TaskSet 0.0, whose tasks have all completed, from pool 
16/10/08 14:49:55 INFO DAGScheduler: ShuffleMapStage 0 (distinct at SparkPageRank.scala:65) finished in 65.770 s
16/10/08 14:49:55 INFO DAGScheduler: looking for newly runnable stages
16/10/08 14:49:55 INFO DAGScheduler: running: Set()
16/10/08 14:49:55 WARN JobProgressListener: Task ID: 0 
DiskBytesSpilled: 25416389
MemoryBytesSpilled: 273296544
ExecutorRunTime: 61414

16/10/08 14:49:55 INFO MyLog: 
TaskEnd Block Status: Map()

16/10/08 14:49:55 INFO MyLog: 
=====Task id: 0 Executor id: 1=====

16/10/08 14:49:55 INFO MyLog: 
1 0(29 545)

16/10/08 14:49:55 INFO MyLog: 
2 0(31 547)

16/10/08 14:49:55 INFO MyLog: 
3 0(33 550)

16/10/08 14:49:55 INFO MyLog: 
Input Bytes Read: 33554432 Input Records Read: 2296671

16/10/08 14:49:55 INFO DAGScheduler: waiting: Set(ShuffleMapStage 1, ShuffleMapStage 2, ShuffleMapStage 3, ResultStage 4)
16/10/08 14:49:55 INFO DAGScheduler: failed: Set()
16/10/08 14:49:55 INFO DAGScheduler: Submitting ShuffleMapStage 1 (MapPartitionsRDD[5] at distinct at SparkPageRank.scala:65), which has no missing parents
16/10/08 14:49:55 WARN DAGScheduler: submitMissingTasks(ShuffleMapStage 1)
16/10/08 14:49:55 INFO MyLog: 
Stage ID: 1

16/10/08 14:49:55 INFO MyLog: 
Task Locations: Map(0 -> List(172.31.20.199), 1 -> List(172.31.20.199), 2 -> List(172.31.20.199))

16/10/08 14:49:55 INFO MyLog: 
MemoryStore.putIterator: broadcast_2 StorageLevel(true, true, false, true, 1)

16/10/08 14:49:55 INFO MyLog: 
MemoryStore.putArray: broadcast_2 StorageLevel(true, true, false, true, 1)

16/10/08 14:49:55 INFO MemoryStore: Block broadcast_2 stored as values in memory (estimated size 4.1 KB, memory used 168.8 KB)
16/10/08 14:49:55 INFO MyLog: 
Current Block Status: 
 Block Id: broadcast_2
 Storage Level: StorageLevel(false, true, false, true, 1)
 Memory Size: 4176
 Disk Size: 0
 serializeTime: 0
 deserializeTime: 0

16/10/08 14:49:55 INFO MyLog: 
MemoryStore.putBytes: broadcast_2_piece0 StorageLevel(true, true, false, false, 1)

16/10/08 14:49:55 INFO MemoryStore: Block broadcast_2_piece0 stored as bytes in memory (estimated size 2.1 KB, memory used 171.0 KB)
16/10/08 14:49:55 INFO MyLog: 
Current Block Status: 
 Block Id: broadcast_2_piece0
 Storage Level: StorageLevel(false, true, false, false, 1)
 Memory Size: 2190
 Disk Size: 0
 serializeTime: 0
 deserializeTime: 0

16/10/08 14:49:55 INFO BlockManagerInfo: Added broadcast_2_piece0 in memory on 172.31.24.220:50663 (size: 2.1 KB, free: 511.5 MB)
16/10/08 14:49:55 INFO SparkContext: Created broadcast 2 from broadcast at DAGScheduler.scala:1025
16/10/08 14:49:55 INFO DAGScheduler: Submitting 3 missing tasks from ShuffleMapStage 1 (MapPartitionsRDD[5] at distinct at SparkPageRank.scala:65)
16/10/08 14:49:55 INFO TaskSchedulerImpl: Adding task set 1.0 with 3 tasks
16/10/08 14:49:55 INFO TaskSetManager: Starting task 0.0 in stage 1.0 (TID 3, 172.31.20.199, partition 0,NODE_LOCAL, 2004 bytes)
16/10/08 14:49:55 INFO TaskSetManager: Starting task 1.0 in stage 1.0 (TID 4, 172.31.20.199, partition 1,NODE_LOCAL, 2004 bytes)
16/10/08 14:49:55 INFO MyLog: 
MemoryStore.getBtyes: broadcast_2_piece0

16/10/08 14:49:55 INFO BlockManagerInfo: Added broadcast_2_piece0 in memory on 172.31.20.199:35169 (size: 2.1 KB, free: 511.5 MB)
16/10/08 14:49:55 INFO MapOutputTrackerMasterEndpoint: Asked to send map output locations for shuffle 3 to 172.31.20.199:43734
16/10/08 14:49:55 INFO MapOutputTrackerMaster: Size of output statuses for shuffle 3 is 167 bytes
16/10/08 14:49:58 INFO TaskSetManager: Starting task 2.0 in stage 1.0 (TID 5, 172.31.20.198, partition 2,ANY, 2004 bytes)
16/10/08 14:49:58 INFO MyLog: 
MemoryStore.getBtyes: broadcast_2_piece0

16/10/08 14:49:58 INFO BlockManagerInfo: Added broadcast_2_piece0 in memory on 172.31.20.198:40917 (size: 2.1 KB, free: 511.5 MB)
16/10/08 14:49:58 INFO MapOutputTrackerMasterEndpoint: Asked to send map output locations for shuffle 3 to 172.31.20.198:47550
16/10/08 14:50:09 INFO TaskSetManager: Finished task 2.0 in stage 1.0 (TID 5) in 10893 ms on 172.31.20.198 (1/3)
16/10/08 14:50:09 WARN JobProgressListener: Task ID: 5 
DiskBytesSpilled: 0
MemoryBytesSpilled: 0
ExecutorRunTime: 10812

16/10/08 14:50:09 INFO MyLog: 
TaskEnd Block Status: Map()

16/10/08 14:50:09 INFO MyLog: 
=====Task id: 5 Executor id: 0=====

16/10/08 14:50:09 INFO MyLog: 
4 2(5972 7606)

16/10/08 14:50:09 INFO MyLog: 
5 2(5973 7607)

16/10/08 14:50:24 WARN JobProgressListener: Task ID: 3 
DiskBytesSpilled: 20619842
MemoryBytesSpilled: 284542536
ExecutorRunTime: 29053

16/10/08 14:50:24 INFO MyLog: 
TaskEnd Block Status: Map()

16/10/08 14:50:24 INFO MyLog: 
=====Task id: 3 Executor id: 1=====

16/10/08 14:50:24 INFO MyLog: 
4 0(14424 21203)

16/10/08 14:50:24 INFO MyLog: 
5 0(14425 21205)

16/10/08 14:50:24 INFO TaskSetManager: Finished task 0.0 in stage 1.0 (TID 3) in 29180 ms on 172.31.20.199 (2/3)
16/10/08 14:50:26 WARN JobProgressListener: Task ID: 4 
DiskBytesSpilled: 21936734
MemoryBytesSpilled: 273312225
ExecutorRunTime: 31032

16/10/08 14:50:26 INFO DAGScheduler: ShuffleMapStage 1 (distinct at SparkPageRank.scala:65) finished in 31.157 s
16/10/08 14:50:26 INFO DAGScheduler: looking for newly runnable stages
16/10/08 14:50:26 INFO DAGScheduler: running: Set()
16/10/08 14:50:26 INFO DAGScheduler: waiting: Set(ShuffleMapStage 2, ShuffleMapStage 3, ResultStage 4)
16/10/08 14:50:26 INFO TaskSetManager: Finished task 1.0 in stage 1.0 (TID 4) in 31153 ms on 172.31.20.199 (3/3)
16/10/08 14:50:26 INFO TaskSchedulerImpl: Removed TaskSet 1.0, whose tasks have all completed, from pool 
16/10/08 14:50:26 INFO MyLog: 
TaskEnd Block Status: Map()

16/10/08 14:50:26 INFO DAGScheduler: failed: Set()
16/10/08 14:50:26 INFO MyLog: 
=====Task id: 4 Executor id: 1=====

16/10/08 14:50:26 INFO MyLog: 
4 1(14272 20870)

16/10/08 14:50:26 INFO MyLog: 
5 1(14273 20873)

16/10/08 14:50:26 INFO DAGScheduler: Submitting ShuffleMapStage 2 (MapPartitionsRDD[12] at flatMap at SparkPageRank.scala:69), which has no missing parents
16/10/08 14:50:26 WARN DAGScheduler: submitMissingTasks(ShuffleMapStage 2)
16/10/08 14:50:26 INFO MyLog: 
Stage ID: 2

16/10/08 14:50:26 INFO MyLog: 
Task Locations: Map(0 -> List(172.31.20.198, 172.31.20.199), 1 -> List(172.31.20.198, 172.31.20.199), 2 -> List(172.31.20.198, 172.31.20.199))

16/10/08 14:50:26 INFO MyLog: 
MemoryStore.putIterator: broadcast_3 StorageLevel(true, true, false, true, 1)

16/10/08 14:50:26 INFO MyLog: 
MemoryStore.putArray: broadcast_3 StorageLevel(true, true, false, true, 1)

16/10/08 14:50:26 INFO MemoryStore: Block broadcast_3 stored as values in memory (estimated size 5.9 KB, memory used 176.9 KB)
16/10/08 14:50:26 INFO MyLog: 
Current Block Status: 
 Block Id: broadcast_3
 Storage Level: StorageLevel(false, true, false, true, 1)
 Memory Size: 6032
 Disk Size: 0
 serializeTime: 0
 deserializeTime: 0

16/10/08 14:50:26 INFO MyLog: 
MemoryStore.putBytes: broadcast_3_piece0 StorageLevel(true, true, false, false, 1)

16/10/08 14:50:26 INFO MemoryStore: Block broadcast_3_piece0 stored as bytes in memory (estimated size 2.8 KB, memory used 179.6 KB)
16/10/08 14:50:26 INFO MyLog: 
Current Block Status: 
 Block Id: broadcast_3_piece0
 Storage Level: StorageLevel(false, true, false, false, 1)
 Memory Size: 2826
 Disk Size: 0
 serializeTime: 0
 deserializeTime: 0

16/10/08 14:50:26 INFO BlockManagerInfo: Added broadcast_3_piece0 in memory on 172.31.24.220:50663 (size: 2.8 KB, free: 511.5 MB)
16/10/08 14:50:26 INFO SparkContext: Created broadcast 3 from broadcast at DAGScheduler.scala:1025
16/10/08 14:50:26 INFO DAGScheduler: Submitting 3 missing tasks from ShuffleMapStage 2 (MapPartitionsRDD[12] at flatMap at SparkPageRank.scala:69)
16/10/08 14:50:26 INFO TaskSchedulerImpl: Adding task set 2.0 with 3 tasks
16/10/08 14:50:26 INFO TaskSetManager: Starting task 0.0 in stage 2.0 (TID 6, 172.31.20.198, partition 0,NODE_LOCAL, 2244 bytes)
16/10/08 14:50:26 INFO TaskSetManager: Starting task 1.0 in stage 2.0 (TID 7, 172.31.20.199, partition 1,NODE_LOCAL, 2244 bytes)
16/10/08 14:50:26 INFO TaskSetManager: Starting task 2.0 in stage 2.0 (TID 8, 172.31.20.198, partition 2,NODE_LOCAL, 2244 bytes)
16/10/08 14:50:26 INFO MyLog: 
MemoryStore.getBtyes: broadcast_3_piece0

16/10/08 14:50:26 INFO MyLog: 
MemoryStore.getBtyes: broadcast_3_piece0

16/10/08 14:50:26 INFO BlockManagerInfo: Added broadcast_3_piece0 in memory on 172.31.20.199:35169 (size: 2.8 KB, free: 511.5 MB)
16/10/08 14:50:26 INFO BlockManagerInfo: Added broadcast_3_piece0 in memory on 172.31.20.198:40917 (size: 2.8 KB, free: 511.5 MB)
16/10/08 14:50:26 INFO MapOutputTrackerMasterEndpoint: Asked to send map output locations for shuffle 2 to 172.31.20.199:43734
16/10/08 14:50:26 INFO MapOutputTrackerMaster: Size of output statuses for shuffle 2 is 163 bytes
16/10/08 14:50:26 INFO MapOutputTrackerMasterEndpoint: Asked to send map output locations for shuffle 2 to 172.31.20.198:47550
16/10/08 14:50:31 INFO BlockManagerInfo: Added rdd_6_1 in memory on 172.31.20.199:35169 (size: 114.3 MB, free: 397.2 MB)
16/10/08 14:50:37 INFO TaskSetManager: Finished task 1.0 in stage 2.0 (TID 7) in 10777 ms on 172.31.20.199 (1/3)
16/10/08 14:50:37 WARN JobProgressListener: Task ID: 7 
DiskBytesSpilled: 0
MemoryBytesSpilled: 0
ExecutorRunTime: 10701

16/10/08 14:50:37 INFO MyLog: 
TaskEnd Block Status: Map(rdd_6_1 -> BlockStatus(StorageLevel(false, true, false, true, 1),119813424,0,0,0,0,3314,3807))

16/10/08 14:50:37 INFO : Tachyon client (version 0.8.2) is trying to connect with FileSystemMaster master @ ip-172-31-24-220.ap-northeast-1.compute.internal/172.31.24.220:19998
16/10/08 14:50:37 INFO : Client registered with FileSystemMaster master @ ip-172-31-24-220.ap-northeast-1.compute.internal/172.31.24.220:19998
16/10/08 14:50:37 INFO MyLog: 
=====Task id: 7 Executor id: 1=====

16/10/08 14:50:37 INFO MyLog: 
6 1(3314 3807)

16/10/08 14:50:37 INFO MyLog: 
7 1(2 2)

16/10/08 14:50:37 INFO MyLog: 
8 1(4495 5566)

16/10/08 14:50:37 INFO MyLog: 
9 1(4496 5567)

16/10/08 14:50:37 INFO MyLog: 
10 1(4497 5568)

16/10/08 14:50:37 INFO MyLog: 
11 1(4498 5569)

16/10/08 14:50:37 INFO MyLog: 
12 1(4498 5569)

16/10/08 14:50:37 INFO MyLog: 
Input Bytes Read: 119813424 Input Records Read: 246440

16/10/08 14:51:04 INFO TaskSetManager: Finished task 0.0 in stage 2.0 (TID 6) in 38086 ms on 172.31.20.198 (2/3)
16/10/08 14:51:04 WARN JobProgressListener: Task ID: 6 
DiskBytesSpilled: 32267371
MemoryBytesSpilled: 310312933
ExecutorRunTime: 37990

16/10/08 14:51:04 INFO MyLog: 
TaskEnd Block Status: Map()

16/10/08 14:51:04 INFO MyLog: 
=====Task id: 6 Executor id: 0=====

16/10/08 14:51:04 INFO MyLog: 
6 0(3341 7053)

16/10/08 14:51:04 INFO MyLog: 
6 0(6440 8329)

16/10/08 14:51:04 INFO MyLog: 
7 0(6448 8355)

16/10/08 14:51:04 INFO MyLog: 
8 0(19529 27511)

16/10/08 14:51:04 INFO MyLog: 
9 0(19530 27512)

16/10/08 14:51:04 INFO MyLog: 
10 0(19530 27513)

16/10/08 14:51:04 INFO MyLog: 
11 0(19531 27514)

16/10/08 14:51:04 INFO MyLog: 
12 0(19531 27514)

16/10/08 14:51:11 INFO TaskSetManager: Finished task 2.0 in stage 2.0 (TID 8) in 44618 ms on 172.31.20.198 (3/3)
16/10/08 14:51:11 INFO TaskSchedulerImpl: Removed TaskSet 2.0, whose tasks have all completed, from pool 
16/10/08 14:51:11 INFO DAGScheduler: ShuffleMapStage 2 (flatMap at SparkPageRank.scala:69) finished in 44.625 s
16/10/08 14:51:11 INFO DAGScheduler: looking for newly runnable stages
16/10/08 14:51:11 WARN JobProgressListener: Task ID: 8 
DiskBytesSpilled: 39909009
MemoryBytesSpilled: 392342331
ExecutorRunTime: 44528

16/10/08 14:51:11 INFO DAGScheduler: running: Set()
16/10/08 14:51:11 INFO DAGScheduler: waiting: Set(ShuffleMapStage 3, ResultStage 4)
16/10/08 14:51:11 INFO MyLog: 
TaskEnd Block Status: Map()

16/10/08 14:51:11 INFO DAGScheduler: failed: Set()
16/10/08 14:51:11 INFO MyLog: 
=====Task id: 8 Executor id: 0=====

16/10/08 14:51:11 INFO MyLog: 
6 2(3355 7082)

16/10/08 14:51:11 INFO MyLog: 
6 2(10379 12970)

16/10/08 14:51:11 INFO MyLog: 
7 2(10386 12985)

16/10/08 14:51:11 INFO MyLog: 
8 2(26062 37372)

16/10/08 14:51:11 INFO MyLog: 
9 2(26062 37373)

16/10/08 14:51:11 INFO MyLog: 
10 2(26062 37373)

16/10/08 14:51:11 INFO MyLog: 
11 2(26063 37374)

16/10/08 14:51:11 INFO MyLog: 
12 2(26063 37375)

16/10/08 14:51:11 INFO DAGScheduler: Submitting ShuffleMapStage 3 (MapPartitionsRDD[19] at flatMap at SparkPageRank.scala:69), which has no missing parents
16/10/08 14:51:11 WARN DAGScheduler: submitMissingTasks(ShuffleMapStage 3)
16/10/08 14:51:11 INFO MyLog: 
Stage ID: 3

16/10/08 14:51:11 INFO MyLog: 
Task Locations: Map(0 -> List(172.31.20.198, 172.31.20.199), 1 -> ArrayBuffer(executor_172.31.20.199_1), 2 -> List(172.31.20.198, 172.31.20.199))

16/10/08 14:51:11 INFO MyLog: 
MemoryStore.putIterator: broadcast_4 StorageLevel(true, true, false, true, 1)

16/10/08 14:51:11 INFO MyLog: 
MemoryStore.putArray: broadcast_4 StorageLevel(true, true, false, true, 1)

16/10/08 14:51:11 INFO MemoryStore: Block broadcast_4 stored as values in memory (estimated size 6.2 KB, memory used 185.9 KB)
16/10/08 14:51:11 INFO MyLog: 
Current Block Status: 
 Block Id: broadcast_4
 Storage Level: StorageLevel(false, true, false, true, 1)
 Memory Size: 6392
 Disk Size: 0
 serializeTime: 0
 deserializeTime: 0

16/10/08 14:51:11 INFO MyLog: 
MemoryStore.putBytes: broadcast_4_piece0 StorageLevel(true, true, false, false, 1)

16/10/08 14:51:11 INFO MemoryStore: Block broadcast_4_piece0 stored as bytes in memory (estimated size 2.9 KB, memory used 188.8 KB)
16/10/08 14:51:11 INFO MyLog: 
Current Block Status: 
 Block Id: broadcast_4_piece0
 Storage Level: StorageLevel(false, true, false, false, 1)
 Memory Size: 2967
 Disk Size: 0
 serializeTime: 0
 deserializeTime: 0

16/10/08 14:51:11 INFO BlockManagerInfo: Added broadcast_4_piece0 in memory on 172.31.24.220:50663 (size: 2.9 KB, free: 511.5 MB)
16/10/08 14:51:11 INFO SparkContext: Created broadcast 4 from broadcast at DAGScheduler.scala:1025
16/10/08 14:51:11 INFO DAGScheduler: Submitting 3 missing tasks from ShuffleMapStage 3 (MapPartitionsRDD[19] at flatMap at SparkPageRank.scala:69)
16/10/08 14:51:11 INFO TaskSchedulerImpl: Adding task set 3.0 with 3 tasks
16/10/08 14:51:11 INFO TaskSetManager: Starting task 1.0 in stage 3.0 (TID 9, 172.31.20.199, partition 1,PROCESS_LOCAL, 2253 bytes)
16/10/08 14:51:11 INFO TaskSetManager: Starting task 0.0 in stage 3.0 (TID 10, 172.31.20.198, partition 0,NODE_LOCAL, 2253 bytes)
16/10/08 14:51:11 INFO TaskSetManager: Starting task 2.0 in stage 3.0 (TID 11, 172.31.20.199, partition 2,NODE_LOCAL, 2253 bytes)
16/10/08 14:51:11 INFO MyLog: 
MemoryStore.getBtyes: broadcast_4_piece0

16/10/08 14:51:11 INFO MyLog: 
MemoryStore.getBtyes: broadcast_4_piece0

16/10/08 14:51:11 INFO BlockManagerInfo: Added broadcast_4_piece0 in memory on 172.31.20.198:40917 (size: 2.9 KB, free: 511.5 MB)
16/10/08 14:51:11 INFO BlockManagerInfo: Added broadcast_4_piece0 in memory on 172.31.20.199:35169 (size: 2.9 KB, free: 397.2 MB)
16/10/08 14:51:11 INFO MapOutputTrackerMasterEndpoint: Asked to send map output locations for shuffle 2 to 172.31.20.198:47550
16/10/08 14:51:11 INFO MapOutputTrackerMaster: Size of output statuses for shuffle 2 is 163 bytes
16/10/08 14:51:11 INFO MapOutputTrackerMasterEndpoint: Asked to send map output locations for shuffle 1 to 172.31.20.199:43734
16/10/08 14:51:11 INFO MapOutputTrackerMaster: Size of output statuses for shuffle 1 is 165 bytes
16/10/08 14:51:11 INFO MapOutputTrackerMasterEndpoint: Asked to send map output locations for shuffle 2 to 172.31.20.199:43734
16/10/08 14:51:15 INFO BlockManagerInfo: Added rdd_6_0 in memory on 172.31.20.198:40917 (size: 133.1 MB, free: 378.4 MB)
16/10/08 14:51:15 INFO MapOutputTrackerMasterEndpoint: Asked to send map output locations for shuffle 1 to 172.31.20.198:47550
16/10/08 14:51:22 INFO TaskSetManager: Finished task 1.0 in stage 3.0 (TID 9) in 11238 ms on 172.31.20.199 (1/3)
16/10/08 14:51:22 WARN JobProgressListener: Task ID: 9 
DiskBytesSpilled: 8007901
MemoryBytesSpilled: 72165263
ExecutorRunTime: 11188

16/10/08 14:51:22 INFO MyLog: 
TaskEnd Block Status: Map()

16/10/08 14:51:22 INFO MyLog: 
=====Task id: 9 Executor id: 1=====

16/10/08 14:51:22 INFO MyLog: 
13 1(1101 1511)

16/10/08 14:51:22 INFO MyLog: 
14 1(1101 1511)

16/10/08 14:51:22 INFO MyLog: 
15 1(1559 2263)

16/10/08 14:51:22 INFO MyLog: 
16 1(1559 2263)

16/10/08 14:51:22 INFO MyLog: 
17 1(1559 2263)

16/10/08 14:51:22 INFO MyLog: 
18 1(1559 2264)

16/10/08 14:51:22 INFO MyLog: 
19 1(1560 2264)

16/10/08 14:51:22 INFO MyLog: 
Input Bytes Read: 119813424 Input Records Read: 246440

16/10/08 14:51:22 WARN JobProgressListener: Task ID: 10 
DiskBytesSpilled: 0
MemoryBytesSpilled: 0
ExecutorRunTime: 11463

16/10/08 14:51:22 INFO MyLog: 
TaskEnd Block Status: Map(rdd_6_0 -> BlockStatus(StorageLevel(false, true, false, true, 1),139580192,0,0,0,0,3293,3682))

16/10/08 14:51:22 INFO TaskSetManager: Finished task 0.0 in stage 3.0 (TID 10) in 11505 ms on 172.31.20.198 (2/3)
16/10/08 14:51:22 INFO MyLog: 
=====Task id: 10 Executor id: 0=====

16/10/08 14:51:22 INFO MyLog: 
6 0(3293 3682)

16/10/08 14:51:22 INFO MyLog: 
13 0(1166 1175)

16/10/08 14:51:22 INFO MyLog: 
14 0(1166 1176)

16/10/08 14:51:22 INFO MyLog: 
15 0(5319 6153)

16/10/08 14:51:22 INFO MyLog: 
16 0(5319 6153)

16/10/08 14:51:22 INFO MyLog: 
17 0(5319 6153)

16/10/08 14:51:22 INFO MyLog: 
18 0(5320 6153)

16/10/08 14:51:22 INFO MyLog: 
19 0(5320 6154)

16/10/08 14:51:30 INFO TaskSetManager: Finished task 2.0 in stage 3.0 (TID 11) in 19746 ms on 172.31.20.199 (3/3)
16/10/08 14:51:30 INFO DAGScheduler: ShuffleMapStage 3 (flatMap at SparkPageRank.scala:69) finished in 19.751 s
16/10/08 14:51:30 INFO TaskSchedulerImpl: Removed TaskSet 3.0, whose tasks have all completed, from pool 
16/10/08 14:51:30 INFO DAGScheduler: looking for newly runnable stages
16/10/08 14:51:30 INFO DAGScheduler: running: Set()
16/10/08 14:51:30 INFO DAGScheduler: waiting: Set(ResultStage 4)
16/10/08 14:51:30 INFO DAGScheduler: failed: Set()
16/10/08 14:51:30 WARN JobProgressListener: Task ID: 11 
DiskBytesSpilled: 11665016
MemoryBytesSpilled: 108925792
ExecutorRunTime: 19697

16/10/08 14:51:30 INFO MyLog: 
TaskEnd Block Status: Map()

16/10/08 14:51:30 INFO MyLog: 
=====Task id: 11 Executor id: 1=====

16/10/08 14:51:30 INFO MyLog: 
6 2(3389 5083)

16/10/08 14:51:30 INFO MyLog: 
13 2(2395 3201)

16/10/08 14:51:30 INFO MyLog: 
14 2(2395 3202)

16/10/08 14:51:30 INFO MyLog: 
15 2(9929 13453)

16/10/08 14:51:30 INFO MyLog: 
16 2(9930 13453)

16/10/08 14:51:30 INFO DAGScheduler: Submitting ResultStage 4 (MapPartitionsRDD[21] at mapValues at SparkPageRank.scala:73), which has no missing parents
16/10/08 14:51:30 INFO MyLog: 
17 2(9930 13454)

16/10/08 14:51:30 WARN DAGScheduler: submitMissingTasks(ResultStage 4)
16/10/08 14:51:30 INFO MyLog: 
18 2(9930 13454)

16/10/08 14:51:30 INFO MyLog: 
19 2(9931 13454)

16/10/08 14:51:30 INFO MyLog: 
Stage ID: 4

16/10/08 14:51:30 INFO MyLog: 
Task Locations: Map(0 -> List(172.31.20.198, 172.31.20.199), 1 -> List(172.31.20.198, 172.31.20.199), 2 -> List(172.31.20.198, 172.31.20.199))

16/10/08 14:51:30 INFO MyLog: 
MemoryStore.putIterator: broadcast_5 StorageLevel(true, true, false, true, 1)

16/10/08 14:51:30 INFO MyLog: 
MemoryStore.putArray: broadcast_5 StorageLevel(true, true, false, true, 1)

16/10/08 14:51:30 INFO MemoryStore: Block broadcast_5 stored as values in memory (estimated size 3.2 KB, memory used 192.0 KB)
16/10/08 14:51:30 INFO MyLog: 
Current Block Status: 
 Block Id: broadcast_5
 Storage Level: StorageLevel(false, true, false, true, 1)
 Memory Size: 3272
 Disk Size: 0
 serializeTime: 0
 deserializeTime: 0

16/10/08 14:51:30 INFO MyLog: 
MemoryStore.putBytes: broadcast_5_piece0 StorageLevel(true, true, false, false, 1)

16/10/08 14:51:30 INFO MemoryStore: Block broadcast_5_piece0 stored as bytes in memory (estimated size 1869.0 B, memory used 193.8 KB)
16/10/08 14:51:30 INFO MyLog: 
Current Block Status: 
 Block Id: broadcast_5_piece0
 Storage Level: StorageLevel(false, true, false, false, 1)
 Memory Size: 1869
 Disk Size: 0
 serializeTime: 0
 deserializeTime: 0

16/10/08 14:51:30 INFO BlockManagerInfo: Added broadcast_5_piece0 in memory on 172.31.24.220:50663 (size: 1869.0 B, free: 511.5 MB)
16/10/08 14:51:30 INFO SparkContext: Created broadcast 5 from broadcast at DAGScheduler.scala:1025
16/10/08 14:51:30 INFO DAGScheduler: Submitting 3 missing tasks from ResultStage 4 (MapPartitionsRDD[21] at mapValues at SparkPageRank.scala:73)
16/10/08 14:51:30 INFO TaskSchedulerImpl: Adding task set 4.0 with 3 tasks
16/10/08 14:51:30 INFO TaskSetManager: Starting task 0.0 in stage 4.0 (TID 12, 172.31.20.198, partition 0,NODE_LOCAL, 2015 bytes)
16/10/08 14:51:30 INFO TaskSetManager: Starting task 1.0 in stage 4.0 (TID 13, 172.31.20.199, partition 1,NODE_LOCAL, 2015 bytes)
16/10/08 14:51:30 INFO TaskSetManager: Starting task 2.0 in stage 4.0 (TID 14, 172.31.20.198, partition 2,NODE_LOCAL, 2015 bytes)
16/10/08 14:51:30 INFO MyLog: 
MemoryStore.getBtyes: broadcast_5_piece0

16/10/08 14:51:30 INFO BlockManagerInfo: Added broadcast_5_piece0 in memory on 172.31.20.199:35169 (size: 1869.0 B, free: 397.2 MB)
16/10/08 14:51:30 INFO MyLog: 
MemoryStore.getBtyes: broadcast_5_piece0

16/10/08 14:51:30 INFO BlockManagerInfo: Added broadcast_5_piece0 in memory on 172.31.20.198:40917 (size: 1869.0 B, free: 378.4 MB)
16/10/08 14:51:30 INFO MapOutputTrackerMasterEndpoint: Asked to send map output locations for shuffle 0 to 172.31.20.199:43734
16/10/08 14:51:30 INFO MapOutputTrackerMaster: Size of output statuses for shuffle 0 is 163 bytes
16/10/08 14:51:30 INFO MapOutputTrackerMasterEndpoint: Asked to send map output locations for shuffle 0 to 172.31.20.198:47550
16/10/08 14:51:33 INFO BlockManagerInfo: Removed broadcast_1_piece0 on 172.31.20.199:35169 in memory (size: 2.3 KB, free: 397.2 MB)
16/10/08 14:51:33 INFO BlockManagerInfo: Removed broadcast_1_piece0 on 172.31.24.220:50663 in memory (size: 2.3 KB, free: 511.5 MB)
16/10/08 14:51:33 INFO BlockManagerInfo: Removed broadcast_1_piece0 on 172.31.20.198:40917 in memory (size: 2.3 KB, free: 378.4 MB)
16/10/08 14:51:33 INFO BlockManagerInfo: Removed broadcast_4_piece0 on 172.31.24.220:50663 in memory (size: 2.9 KB, free: 511.5 MB)
16/10/08 14:51:33 INFO BlockManagerInfo: Removed broadcast_4_piece0 on 172.31.20.199:35169 in memory (size: 2.9 KB, free: 397.2 MB)
16/10/08 14:51:33 INFO BlockManagerInfo: Removed broadcast_4_piece0 on 172.31.20.198:40917 in memory (size: 2.9 KB, free: 378.4 MB)
16/10/08 14:51:33 INFO BlockManagerInfo: Removed broadcast_3_piece0 on 172.31.24.220:50663 in memory (size: 2.8 KB, free: 511.5 MB)
16/10/08 14:51:33 INFO BlockManagerInfo: Removed broadcast_3_piece0 on 172.31.20.199:35169 in memory (size: 2.8 KB, free: 397.2 MB)
16/10/08 14:51:33 INFO BlockManagerInfo: Removed broadcast_3_piece0 on 172.31.20.198:40917 in memory (size: 2.8 KB, free: 378.4 MB)
16/10/08 14:51:33 INFO BlockManagerInfo: Removed broadcast_2_piece0 on 172.31.24.220:50663 in memory (size: 2.1 KB, free: 511.5 MB)
16/10/08 14:51:33 INFO BlockManagerInfo: Removed broadcast_2_piece0 on 172.31.20.199:35169 in memory (size: 2.1 KB, free: 397.2 MB)
16/10/08 14:51:33 INFO BlockManagerInfo: Removed broadcast_2_piece0 on 172.31.20.198:40917 in memory (size: 2.1 KB, free: 378.4 MB)
16/10/08 14:51:33 WARN JobProgressListener: Task ID: 13 
DiskBytesSpilled: 0
MemoryBytesSpilled: 0
ExecutorRunTime: 1201

16/10/08 14:51:33 INFO MyLog: 
TaskEnd Block Status: Map()

16/10/08 14:51:33 INFO MyLog: 
=====Task id: 13 Executor id: 1=====

16/10/08 14:51:33 INFO TaskSetManager: Finished task 1.0 in stage 4.0 (TID 13) in 3096 ms on 172.31.20.199 (1/3)
16/10/08 14:51:33 INFO MyLog: 
20 1(971 1031)

16/10/08 14:51:33 INFO MyLog: 
21 1(971 1031)

16/10/08 14:51:34 WARN JobProgressListener: Task ID: 12 
DiskBytesSpilled: 0
MemoryBytesSpilled: 0
ExecutorRunTime: 1452

16/10/08 14:51:34 INFO MyLog: 
TaskEnd Block Status: Map()

16/10/08 14:51:34 INFO TaskSetManager: Finished task 0.0 in stage 4.0 (TID 12) in 3207 ms on 172.31.20.198 (2/3)
16/10/08 14:51:34 INFO MyLog: 
=====Task id: 12 Executor id: 0=====

16/10/08 14:51:34 INFO MyLog: 
20 0(1013 1170)

16/10/08 14:51:34 INFO MyLog: 
21 0(1013 1170)

16/10/08 14:51:34 WARN JobProgressListener: Task ID: 14 
DiskBytesSpilled: 0
MemoryBytesSpilled: 0
ExecutorRunTime: 1414

16/10/08 14:51:34 INFO DAGScheduler: ResultStage 4 (collect at SparkPageRank.scala:76) finished in 3.218 s
16/10/08 14:51:34 INFO MyLog: 
TaskEnd Block Status: Map()

16/10/08 14:51:34 INFO MyLog: 
=====Task id: 14 Executor id: 0=====

16/10/08 14:51:34 INFO MyLog: 
20 2(979 1143)

16/10/08 14:51:34 INFO MyLog: 
21 2(980 1143)

16/10/08 14:51:34 INFO TaskSetManager: Finished task 2.0 in stage 4.0 (TID 14) in 3213 ms on 172.31.20.198 (3/3)
16/10/08 14:51:34 INFO TaskSchedulerImpl: Removed TaskSet 4.0, whose tasks have all completed, from pool 
16/10/08 14:51:34 INFO DAGScheduler: Job 0 finished: collect at SparkPageRank.scala:76, took 164.796447 s
16/10/08 14:51:34 INFO MyLog: ==============Graph===============
StageId to Num of clusters: Map(2 -> 7, 4 -> 2, 1 -> 2, 3 -> 8, 0 -> 4)

16/10/08 14:51:34 INFO MyLog: 
The application is about to end

16/10/08 14:51:34 INFO MyLog: 
Run Mode: full

16/10/08 14:51:34 INFO MyLog: 
Map()

16/10/08 14:51:34 INFO SparkUI: Stopped Spark web UI at http://172.31.24.220:4040
16/10/08 14:51:34 INFO SparkDeploySchedulerBackend: Shutting down all executors
16/10/08 14:51:34 INFO SparkDeploySchedulerBackend: Asking each executor to shut down
16/10/08 14:51:34 INFO MapOutputTrackerMasterEndpoint: MapOutputTrackerMasterEndpoint stopped!
16/10/08 14:51:34 INFO MemoryStore: MemoryStore cleared
16/10/08 14:51:34 INFO BlockManager: BlockManager stopped
16/10/08 14:51:34 INFO BlockManagerMaster: BlockManagerMaster stopped
16/10/08 14:51:34 INFO OutputCommitCoordinator$OutputCommitCoordinatorEndpoint: OutputCommitCoordinator stopped!
16/10/08 14:51:34 INFO RemoteActorRefProvider$RemotingTerminator: Shutting down remote daemon.
16/10/08 14:51:34 INFO RemoteActorRefProvider$RemotingTerminator: Remote daemon shut down; proceeding with flushing remote transports.
16/10/08 14:51:34 INFO SparkContext: Successfully stopped SparkContext
16/10/08 14:51:34 INFO MyLog: 
Execution Time: 171391

16/10/08 14:51:34 INFO ShutdownHookManager: Shutdown hook called
16/10/08 14:51:34 INFO ShutdownHookManager: Deleting directory /tmp/spark-8033dcf6-f81d-43a7-bd79-750e22b6cef1
16/10/08 14:51:34 INFO ShutdownHookManager: Deleting directory /tmp/spark-8033dcf6-f81d-43a7-bd79-750e22b6cef1/httpd-ec37a155-0d50-425d-b602-40d02d122815
